\BOOKMARK [1][-]{section.1}{\376\377\000M\000e\000t\000r\000i\000c\000s}{}% 1
\BOOKMARK [2][-]{subsection.1.1}{\376\377\000I\000r\000o\000n\000\040\000L\000a\000w}{section.1}% 2
\BOOKMARK [2][-]{subsection.1.2}{\376\377\000A\000m\000d\000a\000h\000l\000'\000s\000\040\000l\000a\000w}{section.1}% 3
\BOOKMARK [2][-]{subsection.1.3}{\376\377\000D\000i\000f\000f\000e\000r\000e\000n\000t\000\040\000t\000y\000p\000e\000\040\000o\000f\000\040\000m\000e\000a\000n}{section.1}% 4
\BOOKMARK [1][-]{section.2}{\376\377\000P\000a\000r\000a\000l\000l\000e\000l\000\040\000c\000o\000m\000p\000u\000t\000i\000n\000g}{}% 5
\BOOKMARK [2][-]{subsection.2.1}{\376\377\000E\000x\000p\000r\000e\000s\000s\000i\000n\000g\000\040\000p\000a\000r\000a\000l\000l\000e\000l\000i\000s\000m}{section.2}% 6
\BOOKMARK [2][-]{subsection.2.2}{\376\377\000P\000r\000i\000n\000c\000i\000p\000l\000e\000s\000\040\000o\000f\000\040\000p\000a\000r\000a\000l\000l\000e\000l\000\040\000c\000o\000m\000p\000u\000t\000i\000n\000g}{section.2}% 7
\BOOKMARK [1][-]{section.3}{\376\377\000H\000a\000r\000d\000w\000a\000r\000e\000\040\000c\000a\000c\000h\000e\000\040\000c\000o\000h\000e\000r\000e\000n\000c\000e}{}% 8
\BOOKMARK [2][-]{subsection.3.1}{\376\377\000B\000u\000s\000-\000b\000a\000s\000e\000d\000\040\000s\000y\000s\000t\000e\000m\000s}{section.3}% 9
\BOOKMARK [2][-]{subsection.3.2}{\376\377\000P\000o\000i\000n\000t\000-\000t\000o\000-\000p\000o\000i\000n\000t\000\040\000s\000y\000s\000t\000e\000m\000s}{section.3}% 10
\BOOKMARK [1][-]{section.4}{\376\377\000O\000p\000t\000i\000m\000i\000z\000i\000n\000g\000\040\000s\000o\000f\000t\000w\000a\000r\000e}{}% 11
\BOOKMARK [2][-]{subsection.4.1}{\376\377\000C\000o\000h\000e\000r\000e\000n\000c\000e\000\040\000m\000i\000s\000s\000e\000s}{section.4}% 12
\BOOKMARK [2][-]{subsection.4.2}{\376\377\000W\000o\000r\000k\000\040\000d\000i\000s\000t\000r\000i\000b\000u\000t\000i\000o\000n\000\040\000a\000n\000d\000\040\000s\000c\000h\000e\000d\000u\000l\000i\000n\000g}{section.4}% 13
\BOOKMARK [1][-]{section.5}{\376\377\000S\000I\000M\000D\000\040\000a\000n\000d\000\040\000v\000e\000c\000t\000o\000r}{}% 14
\BOOKMARK [2][-]{subsection.5.1}{\376\377\000A\000V\000X\000\040\000i\000n\000s\000t\000r\000u\000c\000t\000i\000o\000n\000s}{section.5}% 15
\BOOKMARK [1][-]{section.6}{\376\377\000M\000e\000s\000s\000a\000g\000e\000\040\000p\000a\000s\000s\000i\000n\000g}{}% 16
\BOOKMARK [2][-]{subsection.6.1}{\376\377\000M\000P\000I}{section.6}% 17
\BOOKMARK [2][-]{subsection.6.2}{\376\377\000M\000P\000I\000\040\000c\000o\000l\000l\000e\000c\000t\000i\000v\000e\000s}{section.6}% 18
\BOOKMARK [1][-]{section.7}{\376\377\000M\000e\000m\000o\000r\000y\000\040\000c\000o\000n\000s\000i\000s\000t\000e\000n\000c\000y}{}% 19
\BOOKMARK [2][-]{subsection.7.1}{\376\377\000S\000e\000q\000u\000e\000n\000t\000i\000a\000l\000\040\000c\000o\000n\000s\000i\000s\000t\000e\000n\000c\000y}{section.7}% 20
\BOOKMARK [2][-]{subsection.7.2}{\376\377\000P\000r\000o\000c\000e\000s\000s\000o\000r\000\040\000c\000o\000n\000s\000i\000s\000t\000e\000n\000c\000y}{section.7}% 21
\BOOKMARK [2][-]{subsection.7.3}{\376\377\000W\000e\000a\000k\000\040\000c\000o\000n\000s\000i\000s\000t\000e\000n\000c\000y}{section.7}% 22
\BOOKMARK [2][-]{subsection.7.4}{\376\377\000L\000a\000n\000g\000u\000a\000g\000e\000\040\000l\000e\000v\000e\000l\000\040\000c\000o\000n\000s\000i\000s\000t\000e\000n\000c\000y}{section.7}% 23
\BOOKMARK [3][-]{subsubsection.7.4.1}{\376\377\000J\000a\000v\000a\000\040\000M\000e\000m\000o\000r\000y\000\040\000M\000o\000d\000e\000l}{subsection.7.4}% 24
\BOOKMARK [3][-]{subsubsection.7.4.2}{\376\377\000C\000+\000+\000\040\0001\0001\000\040\000M\000e\000m\000o\000r\000y\000\040\000M\000o\000d\000e\000l}{subsection.7.4}% 25
\BOOKMARK [3][-]{subsubsection.7.4.3}{\376\377\000O\000p\000e\000n\000M\000P\000\040\000M\000e\000m\000o\000r\000y\000\040\000M\000o\000d\000e\000l}{subsection.7.4}% 26
\BOOKMARK [1][-]{section.8}{\376\377\000S\000y\000n\000c\000h\000r\000o\000n\000i\000z\000a\000t\000i\000o\000n}{}% 27
\BOOKMARK [2][-]{subsection.8.1}{\376\377\000L\000o\000c\000k\000s}{section.8}% 28
\BOOKMARK [3][-]{subsubsection.8.1.1}{\376\377\000T\000S}{subsection.8.1}% 29
\BOOKMARK [3][-]{subsubsection.8.1.2}{\376\377\000T\000T\000S}{subsection.8.1}% 30
\BOOKMARK [3][-]{subsubsection.8.1.3}{\376\377\000T\000S\000\040\000w\000i\000t\000h\000\040\000e\000x\000p\000o\000n\000e\000n\000t\000i\000a\000l\000\040\000b\000a\000c\000k\000-\000o\000f\000f}{subsection.8.1}% 31
\BOOKMARK [3][-]{subsubsection.8.1.4}{\376\377\000L\000o\000a\000d\000-\000l\000o\000c\000k\000e\000d\000\040\000a\000n\000d\000\040\000s\000t\000o\000r\000e\000-\000c\000o\000n\000d\000i\000t\000i\000o\000n\000a\000l}{subsection.8.1}% 32
\BOOKMARK [3][-]{subsubsection.8.1.5}{\376\377\000C\000o\000a\000r\000s\000e\000/\000f\000i\000n\000e\000-\000g\000r\000a\000i\000n\000e\000d\000\040\000l\000o\000c\000k\000i\000n\000g}{subsection.8.1}% 33
\BOOKMARK [1][-]{section.9}{\376\377\000C\000o\000n\000c\000u\000r\000r\000e\000n\000c\000y\000\040\000c\000o\000n\000t\000r\000o\000l}{}% 34
\BOOKMARK [2][-]{subsection.9.1}{\376\377\000D\000e\000a\000d\000l\000o\000c\000k\000s}{section.9}% 35
\BOOKMARK [3][-]{subsubsection.9.1.1}{\376\377\000D\000e\000t\000e\000c\000t\000i\000o\000n}{subsection.9.1}% 36
\BOOKMARK [2][-]{subsection.9.2}{\376\377\000T\000r\000a\000n\000s\000a\000c\000t\000i\000o\000n\000a\000l\000\040\000m\000e\000m\000o\000r\000y}{section.9}% 37
\BOOKMARK [2][-]{subsection.9.3}{\376\377\000P\000o\000i\000n\000t\000\040\000t\000o\000\040\000p\000o\000i\000n\000t\000\040\000s\000y\000n\000c\000h\000r\000o\000n\000i\000z\000a\000t\000i\000o\000n}{section.9}% 38
