This is pdfTeX, Version 3.141592653-2.6-1.40.27 (TeX Live 2026/dev/Arch Linux) (preloaded format=pdflatex 2025.10.24)  11 NOV 2025 13:42
entering extended mode
 restricted \write18 enabled.
 file:line:error style messages enabled.
 %&-line parsing enabled.
**resume.tex
(./resume.tex
LaTeX2e <2024-11-01> patch level 2
L3 programming layer <2025-01-18>
(/usr/share/texmf-dist/tex/latex/base/article.cls
Document Class: article 2024/06/29 v1.4n Standard LaTeX document class
(/usr/share/texmf-dist/tex/latex/base/size10.clo
File: size10.clo 2024/06/29 v1.4n Standard LaTeX file (size option)
)
\c@part=\count196
\c@section=\count197
\c@subsection=\count198
\c@subsubsection=\count199
\c@paragraph=\count266
\c@subparagraph=\count267
\c@figure=\count268
\c@table=\count269
\abovecaptionskip=\skip49
\belowcaptionskip=\skip50
\bibindent=\dimen141
) (./mystyle.sty (/usr/share/texmf-dist/tex/latex/base/inputenc.sty
Package: inputenc 2024/02/08 v1.3d Input encoding file
\inpenc@prehook=\toks17
\inpenc@posthook=\toks18
) (/usr/share/texmf-dist/tex/latex/geometry/geometry.sty
Package: geometry 2020/01/02 v5.9 Page Geometry
 (/usr/share/texmf-dist/tex/latex/graphics/keyval.sty
Package: keyval 2022/05/29 v1.15 key=value parser (DPC)
\KV@toks@=\toks19
) (/usr/share/texmf-dist/tex/generic/iftex/ifvtex.sty
Package: ifvtex 2019/10/25 v1.7 ifvtex legacy package. Use iftex instead.
 (/usr/share/texmf-dist/tex/generic/iftex/iftex.sty
Package: iftex 2024/12/12 v1.0g TeX engine tests
))
\Gm@cnth=\count270
\Gm@cntv=\count271
\c@Gm@tempcnt=\count272
\Gm@bindingoffset=\dimen142
\Gm@wd@mp=\dimen143
\Gm@odd@mp=\dimen144
\Gm@even@mp=\dimen145
\Gm@layoutwidth=\dimen146
\Gm@layoutheight=\dimen147
\Gm@layouthoffset=\dimen148
\Gm@layoutvoffset=\dimen149
\Gm@dimlist=\toks20
) (/usr/share/texmf-dist/tex/latex/tcolorbox/tcolorbox.sty
Package: tcolorbox 2024/10/22 version 6.4.1 text color boxes
 (/usr/share/texmf-dist/tex/latex/pgf/frontendlayer/tikz.sty (/usr/share/texmf-dist/tex/latex/pgf/basiclayer/pgf.sty (/usr/share/texmf-dist/tex/latex/pgf/utilities/pgfrcs.sty (/usr/share/texmf-dist/tex/generic/pgf/utilities/pgfutil-common.tex
\pgfutil@everybye=\toks21
\pgfutil@tempdima=\dimen150
\pgfutil@tempdimb=\dimen151
) (/usr/share/texmf-dist/tex/generic/pgf/utilities/pgfutil-latex.def
\pgfutil@abb=\box52
) (/usr/share/texmf-dist/tex/generic/pgf/utilities/pgfrcs.code.tex (/usr/share/texmf-dist/tex/generic/pgf/pgf.revision.tex)
Package: pgfrcs 2023-01-15 v3.1.10 (3.1.10)
))
Package: pgf 2023-01-15 v3.1.10 (3.1.10)
 (/usr/share/texmf-dist/tex/latex/pgf/basiclayer/pgfcore.sty (/usr/share/texmf-dist/tex/latex/graphics/graphicx.sty
Package: graphicx 2021/09/16 v1.2d Enhanced LaTeX Graphics (DPC,SPQR)
 (/usr/share/texmf-dist/tex/latex/graphics/graphics.sty
Package: graphics 2024/08/06 v1.4g Standard LaTeX Graphics (DPC,SPQR)
 (/usr/share/texmf-dist/tex/latex/graphics/trig.sty
Package: trig 2023/12/02 v1.11 sin cos tan (DPC)
) (/usr/share/texmf-dist/tex/latex/graphics-cfg/graphics.cfg
File: graphics.cfg 2016/06/04 v1.11 sample graphics configuration
)
Package graphics Info: Driver file: pdftex.def on input line 106.
 (/usr/share/texmf-dist/tex/latex/graphics-def/pdftex.def
File: pdftex.def 2024/04/13 v1.2c Graphics/color driver for pdftex
))
\Gin@req@height=\dimen152
\Gin@req@width=\dimen153
) (/usr/share/texmf-dist/tex/latex/pgf/systemlayer/pgfsys.sty (/usr/share/texmf-dist/tex/generic/pgf/systemlayer/pgfsys.code.tex
Package: pgfsys 2023-01-15 v3.1.10 (3.1.10)
 (/usr/share/texmf-dist/tex/generic/pgf/utilities/pgfkeys.code.tex
\pgfkeys@pathtoks=\toks22
\pgfkeys@temptoks=\toks23
 (/usr/share/texmf-dist/tex/generic/pgf/utilities/pgfkeyslibraryfiltered.code.tex
\pgfkeys@tmptoks=\toks24
))
\pgf@x=\dimen154
\pgf@y=\dimen155
\pgf@xa=\dimen156
\pgf@ya=\dimen157
\pgf@xb=\dimen158
\pgf@yb=\dimen159
\pgf@xc=\dimen160
\pgf@yc=\dimen161
\pgf@xd=\dimen162
\pgf@yd=\dimen163
\w@pgf@writea=\write3
\r@pgf@reada=\read2
\c@pgf@counta=\count273
\c@pgf@countb=\count274
\c@pgf@countc=\count275
\c@pgf@countd=\count276
\t@pgf@toka=\toks25
\t@pgf@tokb=\toks26
\t@pgf@tokc=\toks27
\pgf@sys@id@count=\count277
 (/usr/share/texmf-dist/tex/generic/pgf/systemlayer/pgf.cfg
File: pgf.cfg 2023-01-15 v3.1.10 (3.1.10)
)
Driver file for pgf: pgfsys-pdftex.def
 (/usr/share/texmf-dist/tex/generic/pgf/systemlayer/pgfsys-pdftex.def
File: pgfsys-pdftex.def 2023-01-15 v3.1.10 (3.1.10)
 (/usr/share/texmf-dist/tex/generic/pgf/systemlayer/pgfsys-common-pdf.def
File: pgfsys-common-pdf.def 2023-01-15 v3.1.10 (3.1.10)
))) (/usr/share/texmf-dist/tex/generic/pgf/systemlayer/pgfsyssoftpath.code.tex
File: pgfsyssoftpath.code.tex 2023-01-15 v3.1.10 (3.1.10)
\pgfsyssoftpath@smallbuffer@items=\count278
\pgfsyssoftpath@bigbuffer@items=\count279
) (/usr/share/texmf-dist/tex/generic/pgf/systemlayer/pgfsysprotocol.code.tex
File: pgfsysprotocol.code.tex 2023-01-15 v3.1.10 (3.1.10)
)) (/usr/share/texmf-dist/tex/latex/xcolor/xcolor.sty
Package: xcolor 2024/09/29 v3.02 LaTeX color extensions (UK)
 (/usr/share/texmf-dist/tex/latex/graphics-cfg/color.cfg
File: color.cfg 2016/01/02 v1.6 sample color configuration
)
Package xcolor Info: Driver file: pdftex.def on input line 274.
 (/usr/share/texmf-dist/tex/latex/graphics/mathcolor.ltx)
Package xcolor Info: Model `cmy' substituted by `cmy0' on input line 1349.
Package xcolor Info: Model `hsb' substituted by `rgb' on input line 1353.
Package xcolor Info: Model `RGB' extended on input line 1365.
Package xcolor Info: Model `HTML' substituted by `rgb' on input line 1367.
Package xcolor Info: Model `Hsb' substituted by `hsb' on input line 1368.
Package xcolor Info: Model `tHsb' substituted by `hsb' on input line 1369.
Package xcolor Info: Model `HSB' substituted by `hsb' on input line 1370.
Package xcolor Info: Model `Gray' substituted by `gray' on input line 1371.
Package xcolor Info: Model `wave' substituted by `hsb' on input line 1372.
)
(/usr/share/texmf-dist/tex/generic/pgf/basiclayer/pgfcore.code.tex
Package: pgfcore 2023-01-15 v3.1.10 (3.1.10)
 (/usr/share/texmf-dist/tex/generic/pgf/math/pgfmath.code.tex (/usr/share/texmf-dist/tex/generic/pgf/math/pgfmathutil.code.tex) (/usr/share/texmf-dist/tex/generic/pgf/math/pgfmathparser.code.tex
\pgfmath@dimen=\dimen164
\pgfmath@count=\count280
\pgfmath@box=\box53
\pgfmath@toks=\toks28
\pgfmath@stack@operand=\toks29
\pgfmath@stack@operation=\toks30
) (/usr/share/texmf-dist/tex/generic/pgf/math/pgfmathfunctions.code.tex) (/usr/share/texmf-dist/tex/generic/pgf/math/pgfmathfunctions.basic.code.tex) (/usr/share/texmf-dist/tex/generic/pgf/math/pgfmathfunctions.trigonometric.code.tex) (/usr/share/texmf-dist/tex/generic/pgf/math/pgfmathfunctions.random.code.tex) (/usr/share/texmf-dist/tex/generic/pgf/math/pgfmathfunctions.comparison.code.tex) (/usr/share/texmf-dist/tex/generic/pgf/math/pgfmathfunctions.base.code.tex) (/usr/share/texmf-dist/tex/generic/pgf/math/pgfmathfunctions.round.code.tex) (/usr/share/texmf-dist/tex/generic/pgf/math/pgfmathfunctions.misc.code.tex) (/usr/share/texmf-dist/tex/generic/pgf/math/pgfmathfunctions.integerarithmetics.code.tex) (/usr/share/texmf-dist/tex/generic/pgf/math/pgfmathcalc.code.tex) (/usr/share/texmf-dist/tex/generic/pgf/math/pgfmathfloat.code.tex
\c@pgfmathroundto@lastzeros=\count281
)) (/usr/share/texmf-dist/tex/generic/pgf/math/pgfint.code.tex) (/usr/share/texmf-dist/tex/generic/pgf/basiclayer/pgfcorepoints.code.tex
File: pgfcorepoints.code.tex 2023-01-15 v3.1.10 (3.1.10)
\pgf@picminx=\dimen165
\pgf@picmaxx=\dimen166
\pgf@picminy=\dimen167
\pgf@picmaxy=\dimen168
\pgf@pathminx=\dimen169
\pgf@pathmaxx=\dimen170
\pgf@pathminy=\dimen171
\pgf@pathmaxy=\dimen172
\pgf@xx=\dimen173
\pgf@xy=\dimen174
\pgf@yx=\dimen175
\pgf@yy=\dimen176
\pgf@zx=\dimen177
\pgf@zy=\dimen178
) (/usr/share/texmf-dist/tex/generic/pgf/basiclayer/pgfcorepathconstruct.code.tex
File: pgfcorepathconstruct.code.tex 2023-01-15 v3.1.10 (3.1.10)
\pgf@path@lastx=\dimen179
\pgf@path@lasty=\dimen180
) (/usr/share/texmf-dist/tex/generic/pgf/basiclayer/pgfcorepathusage.code.tex
File: pgfcorepathusage.code.tex 2023-01-15 v3.1.10 (3.1.10)
\pgf@shorten@end@additional=\dimen181
\pgf@shorten@start@additional=\dimen182
) (/usr/share/texmf-dist/tex/generic/pgf/basiclayer/pgfcorescopes.code.tex
File: pgfcorescopes.code.tex 2023-01-15 v3.1.10 (3.1.10)
\pgfpic=\box54
\pgf@hbox=\box55
\pgf@layerbox@main=\box56
\pgf@picture@serial@count=\count282
) (/usr/share/texmf-dist/tex/generic/pgf/basiclayer/pgfcoregraphicstate.code.tex
File: pgfcoregraphicstate.code.tex 2023-01-15 v3.1.10 (3.1.10)
\pgflinewidth=\dimen183
) (/usr/share/texmf-dist/tex/generic/pgf/basiclayer/pgfcoretransformations.code.tex
File: pgfcoretransformations.code.tex 2023-01-15 v3.1.10 (3.1.10)
\pgf@pt@x=\dimen184
\pgf@pt@y=\dimen185
\pgf@pt@temp=\dimen186
) (/usr/share/texmf-dist/tex/generic/pgf/basiclayer/pgfcorequick.code.tex
File: pgfcorequick.code.tex 2023-01-15 v3.1.10 (3.1.10)
) (/usr/share/texmf-dist/tex/generic/pgf/basiclayer/pgfcoreobjects.code.tex
File: pgfcoreobjects.code.tex 2023-01-15 v3.1.10 (3.1.10)
) (/usr/share/texmf-dist/tex/generic/pgf/basiclayer/pgfcorepathprocessing.code.tex
File: pgfcorepathprocessing.code.tex 2023-01-15 v3.1.10 (3.1.10)
) (/usr/share/texmf-dist/tex/generic/pgf/basiclayer/pgfcorearrows.code.tex
File: pgfcorearrows.code.tex 2023-01-15 v3.1.10 (3.1.10)
\pgfarrowsep=\dimen187
)
(/usr/share/texmf-dist/tex/generic/pgf/basiclayer/pgfcoreshade.code.tex
File: pgfcoreshade.code.tex 2023-01-15 v3.1.10 (3.1.10)
\pgf@max=\dimen188
\pgf@sys@shading@range@num=\count283
\pgf@shadingcount=\count284
) (/usr/share/texmf-dist/tex/generic/pgf/basiclayer/pgfcoreimage.code.tex
File: pgfcoreimage.code.tex 2023-01-15 v3.1.10 (3.1.10)
) (/usr/share/texmf-dist/tex/generic/pgf/basiclayer/pgfcoreexternal.code.tex
File: pgfcoreexternal.code.tex 2023-01-15 v3.1.10 (3.1.10)
\pgfexternal@startupbox=\box57
) (/usr/share/texmf-dist/tex/generic/pgf/basiclayer/pgfcorelayers.code.tex
File: pgfcorelayers.code.tex 2023-01-15 v3.1.10 (3.1.10)
) (/usr/share/texmf-dist/tex/generic/pgf/basiclayer/pgfcoretransparency.code.tex
File: pgfcoretransparency.code.tex 2023-01-15 v3.1.10 (3.1.10)
) (/usr/share/texmf-dist/tex/generic/pgf/basiclayer/pgfcorepatterns.code.tex
File: pgfcorepatterns.code.tex 2023-01-15 v3.1.10 (3.1.10)
) (/usr/share/texmf-dist/tex/generic/pgf/basiclayer/pgfcorerdf.code.tex
File: pgfcorerdf.code.tex 2023-01-15 v3.1.10 (3.1.10)
))) (/usr/share/texmf-dist/tex/generic/pgf/modules/pgfmoduleshapes.code.tex
File: pgfmoduleshapes.code.tex 2023-01-15 v3.1.10 (3.1.10)
\pgfnodeparttextbox=\box58
) (/usr/share/texmf-dist/tex/generic/pgf/modules/pgfmoduleplot.code.tex
File: pgfmoduleplot.code.tex 2023-01-15 v3.1.10 (3.1.10)
) (/usr/share/texmf-dist/tex/latex/pgf/compatibility/pgfcomp-version-0-65.sty
Package: pgfcomp-version-0-65 2023-01-15 v3.1.10 (3.1.10)
\pgf@nodesepstart=\dimen189
\pgf@nodesepend=\dimen190
) (/usr/share/texmf-dist/tex/latex/pgf/compatibility/pgfcomp-version-1-18.sty
Package: pgfcomp-version-1-18 2023-01-15 v3.1.10 (3.1.10)
)) (/usr/share/texmf-dist/tex/latex/pgf/utilities/pgffor.sty (/usr/share/texmf-dist/tex/latex/pgf/utilities/pgfkeys.sty (/usr/share/texmf-dist/tex/generic/pgf/utilities/pgfkeys.code.tex)) (/usr/share/texmf-dist/tex/latex/pgf/math/pgfmath.sty (/usr/share/texmf-dist/tex/generic/pgf/math/pgfmath.code.tex)) (/usr/share/texmf-dist/tex/generic/pgf/utilities/pgffor.code.tex
Package: pgffor 2023-01-15 v3.1.10 (3.1.10)
\pgffor@iter=\dimen191
\pgffor@skip=\dimen192
\pgffor@stack=\toks31
\pgffor@toks=\toks32
)) (/usr/share/texmf-dist/tex/generic/pgf/frontendlayer/tikz/tikz.code.tex
Package: tikz 2023-01-15 v3.1.10 (3.1.10)
 (/usr/share/texmf-dist/tex/generic/pgf/libraries/pgflibraryplothandlers.code.tex
File: pgflibraryplothandlers.code.tex 2023-01-15 v3.1.10 (3.1.10)
\pgf@plot@mark@count=\count285
\pgfplotmarksize=\dimen193
)
\tikz@lastx=\dimen194
\tikz@lasty=\dimen195
\tikz@lastxsaved=\dimen196
\tikz@lastysaved=\dimen197
\tikz@lastmovetox=\dimen198
\tikz@lastmovetoy=\dimen199
\tikzleveldistance=\dimen256
\tikzsiblingdistance=\dimen257
\tikz@figbox=\box59
\tikz@figbox@bg=\box60
\tikz@tempbox=\box61
\tikz@tempbox@bg=\box62
\tikztreelevel=\count286
\tikznumberofchildren=\count287
\tikznumberofcurrentchild=\count288
\tikz@fig@count=\count289
 (/usr/share/texmf-dist/tex/generic/pgf/modules/pgfmodulematrix.code.tex
File: pgfmodulematrix.code.tex 2023-01-15 v3.1.10 (3.1.10)
\pgfmatrixcurrentrow=\count290
\pgfmatrixcurrentcolumn=\count291
\pgf@matrix@numberofcolumns=\count292
)
\tikz@expandcount=\count293
 (/usr/share/texmf-dist/tex/generic/pgf/frontendlayer/tikz/libraries/tikzlibrarytopaths.code.tex
File: tikzlibrarytopaths.code.tex 2023-01-15 v3.1.10 (3.1.10)
))) (/usr/share/texmf-dist/tex/latex/tools/verbatim.sty
Package: verbatim 2024-01-22 v1.5x LaTeX2e package for verbatim enhancements
\every@verbatim=\toks33
\verbatim@line=\toks34
\verbatim@in@stream=\read3
) (/usr/share/texmf-dist/tex/latex/environ/environ.sty
Package: environ 2014/05/04 v0.3 A new way to define environments
 (/usr/share/texmf-dist/tex/latex/trimspaces/trimspaces.sty
Package: trimspaces 2009/09/17 v1.1 Trim spaces around a token list
)
\@envbody=\toks35
) (/usr/share/texmf-dist/tex/latex/etoolbox/etoolbox.sty
Package: etoolbox 2025/02/11 v2.5l e-TeX tools for LaTeX (JAW)
\etb@tempcnta=\count294
)
\tcb@titlebox=\box63
\tcb@upperbox=\box64
\tcb@lowerbox=\box65
\tcb@phantombox=\box66
\c@tcbbreakpart=\count295
\c@tcblayer=\count296
\c@tcolorbox@number=\count297
\l__tcobox_tmpa_box=\box67
\l__tcobox_tmpa_dim=\dimen258
\tcb@temp=\box68
\tcb@temp=\box69
\tcb@temp=\box70
\tcb@temp=\box71
) (/usr/share/texmf-dist/tex/latex/subfiles/subfiles.sty
Package: subfiles 2020/11/14 v2.2 Multi-file projects (package)
 (/usr/share/texmf-dist/tex/latex/import/import.sty
Package: import 2020/04/01  v 6.2
)) (/usr/share/texmf-dist/tex/latex/amsfonts/amssymb.sty
Package: amssymb 2013/01/14 v3.01 AMS font symbols
 (/usr/share/texmf-dist/tex/latex/amsfonts/amsfonts.sty
Package: amsfonts 2013/01/14 v3.01 Basic AMSFonts support
\@emptytoks=\toks36
\symAMSa=\mathgroup4
\symAMSb=\mathgroup5
LaTeX Font Info:    Redeclaring math symbol \hbar on input line 98.
LaTeX Font Info:    Overwriting math alphabet `\mathfrak' in version `bold'
(Font)                  U/euf/m/n --> U/euf/b/n on input line 106.
))
(/usr/share/texmf-dist/tex/latex/hyperref/hyperref.sty
Package: hyperref 2024-11-05 v7.01l Hypertext links for LaTeX
 (/usr/share/texmf-dist/tex/latex/kvsetkeys/kvsetkeys.sty
Package: kvsetkeys 2022-10-05 v1.19 Key value parser (HO)
) (/usr/share/texmf-dist/tex/generic/kvdefinekeys/kvdefinekeys.sty
Package: kvdefinekeys 2019-12-19 v1.6 Define keys (HO)
) (/usr/share/texmf-dist/tex/generic/pdfescape/pdfescape.sty
Package: pdfescape 2019/12/09 v1.15 Implements pdfTeX's escape features (HO)
 (/usr/share/texmf-dist/tex/generic/ltxcmds/ltxcmds.sty
Package: ltxcmds 2023-12-04 v1.26 LaTeX kernel commands for general use (HO)
) (/usr/share/texmf-dist/tex/generic/pdftexcmds/pdftexcmds.sty
Package: pdftexcmds 2020-06-27 v0.33 Utility functions of pdfTeX for LuaTeX (HO)
 (/usr/share/texmf-dist/tex/generic/infwarerr/infwarerr.sty
Package: infwarerr 2019/12/03 v1.5 Providing info/warning/error messages (HO)
)
Package pdftexcmds Info: \pdf@primitive is available.
Package pdftexcmds Info: \pdf@ifprimitive is available.
Package pdftexcmds Info: \pdfdraftmode found.
)) (/usr/share/texmf-dist/tex/latex/hycolor/hycolor.sty
Package: hycolor 2020-01-27 v1.10 Color options for hyperref/bookmark (HO)
) (/usr/share/texmf-dist/tex/latex/hyperref/nameref.sty
Package: nameref 2023-11-26 v2.56 Cross-referencing by name of section
 (/usr/share/texmf-dist/tex/latex/refcount/refcount.sty
Package: refcount 2019/12/15 v3.6 Data extraction from label references (HO)
) (/usr/share/texmf-dist/tex/generic/gettitlestring/gettitlestring.sty
Package: gettitlestring 2019/12/15 v1.6 Cleanup title references (HO)
 (/usr/share/texmf-dist/tex/latex/kvoptions/kvoptions.sty
Package: kvoptions 2022-06-15 v3.15 Key value format for package options (HO)
))
\c@section@level=\count298
) (/usr/share/texmf-dist/tex/generic/stringenc/stringenc.sty
Package: stringenc 2019/11/29 v1.12 Convert strings between diff. encodings (HO)
)
\@linkdim=\dimen259
\Hy@linkcounter=\count299
\Hy@pagecounter=\count300
 (/usr/share/texmf-dist/tex/latex/hyperref/pd1enc.def
File: pd1enc.def 2024-11-05 v7.01l Hyperref: PDFDocEncoding definition (HO)
Now handling font encoding PD1 ...
... no UTF-8 mapping file for font encoding PD1
) (/usr/share/texmf-dist/tex/generic/intcalc/intcalc.sty
Package: intcalc 2019/12/15 v1.3 Expandable calculations with integers (HO)
)
\Hy@SavedSpaceFactor=\count301
 (/usr/share/texmf-dist/tex/latex/hyperref/puenc.def
File: puenc.def 2024-11-05 v7.01l Hyperref: PDF Unicode definition (HO)
Now handling font encoding PU ...
... no UTF-8 mapping file for font encoding PU
)
Package hyperref Info: Hyper figures OFF on input line 4157.
Package hyperref Info: Link nesting OFF on input line 4162.
Package hyperref Info: Hyper index ON on input line 4165.
Package hyperref Info: Plain pages OFF on input line 4172.
Package hyperref Info: Backreferencing OFF on input line 4177.
Package hyperref Info: Implicit mode ON; LaTeX internals redefined.
Package hyperref Info: Bookmarks ON on input line 4424.
\c@Hy@tempcnt=\count302
 (/usr/share/texmf-dist/tex/latex/url/url.sty
\Urlmuskip=\muskip17
Package: url 2013/09/16  ver 3.4  Verb mode for urls, etc.
)
LaTeX Info: Redefining \url on input line 4763.
\XeTeXLinkMargin=\dimen260
 (/usr/share/texmf-dist/tex/generic/bitset/bitset.sty
Package: bitset 2019/12/09 v1.3 Handle bit-vector datatype (HO)
 (/usr/share/texmf-dist/tex/generic/bigintcalc/bigintcalc.sty
Package: bigintcalc 2019/12/15 v1.5 Expandable calculations on big integers (HO)
))
\Fld@menulength=\count303
\Field@Width=\dimen261
\Fld@charsize=\dimen262
Package hyperref Info: Hyper figures OFF on input line 6042.
Package hyperref Info: Link nesting OFF on input line 6047.
Package hyperref Info: Hyper index ON on input line 6050.
Package hyperref Info: backreferencing OFF on input line 6057.
Package hyperref Info: Link coloring OFF on input line 6062.
Package hyperref Info: Link coloring with OCG OFF on input line 6067.
Package hyperref Info: PDF/A mode OFF on input line 6072.
 (/usr/share/texmf-dist/tex/latex/base/atbegshi-ltx.sty
Package: atbegshi-ltx 2021/01/10 v1.0c Emulation of the original atbegshi
package with kernel methods
)
\Hy@abspage=\count304
\c@Item=\count305
\c@Hfootnote=\count306
)
Package hyperref Info: Driver (autodetected): hpdftex.
 (/usr/share/texmf-dist/tex/latex/hyperref/hpdftex.def
File: hpdftex.def 2024-11-05 v7.01l Hyperref driver for pdfTeX
 (/usr/share/texmf-dist/tex/latex/base/atveryend-ltx.sty
Package: atveryend-ltx 2020/08/19 v1.0a Emulation of the original atveryend package
with kernel methods
)
\Fld@listcount=\count307
\c@bookmark@seq@number=\count308
 (/usr/share/texmf-dist/tex/latex/rerunfilecheck/rerunfilecheck.sty
Package: rerunfilecheck 2022-07-10 v1.10 Rerun checks for auxiliary files (HO)
 (/usr/share/texmf-dist/tex/generic/uniquecounter/uniquecounter.sty
Package: uniquecounter 2019/12/15 v1.4 Provide unlimited unique counter (HO)
)
Package uniquecounter Info: New unique counter `rerunfilecheck' on input line 285.
)
\Hy@SectionHShift=\skip51
) (/usr/share/texmf-dist/tex/latex/enumitem/enumitem.sty
Package: enumitem 2025/02/06 v3.11 Customized lists
\labelindent=\skip52
\enit@outerparindent=\dimen263
\enit@toks=\toks37
\enit@inbox=\box72
\enit@count@id=\count309
\enitdp@description=\count310
) (/usr/share/texmf-dist/tex/latex/mdframed/mdframed.sty
Package: mdframed 2013/07/01 1.9b: mdframed
 (/usr/share/texmf-dist/tex/latex/l3packages/xparse/xparse.sty (/usr/share/texmf-dist/tex/latex/l3kernel/expl3.sty
Package: expl3 2025-01-18 L3 programming layer (loader) 
 (/usr/share/texmf-dist/tex/latex/l3backend/l3backend-pdftex.def
File: l3backend-pdftex.def 2024-05-08 L3 backend support: PDF output (pdfTeX)
\l__color_backend_stack_int=\count311
\l__pdf_internal_box=\box73
))
Package: xparse 2024-08-16 L3 Experimental document command parser
) (/usr/share/texmf-dist/tex/latex/zref/zref-abspage.sty
Package: zref-abspage 2023-09-14 v2.35 Module abspage for zref (HO)
 (/usr/share/texmf-dist/tex/latex/zref/zref-base.sty
Package: zref-base 2023-09-14 v2.35 Module base for zref (HO)
 (/usr/share/texmf-dist/tex/generic/etexcmds/etexcmds.sty
Package: etexcmds 2019/12/15 v1.7 Avoid name clashes with e-TeX commands (HO)
) (/usr/share/texmf-dist/tex/latex/auxhook/auxhook.sty
Package: auxhook 2019-12-17 v1.6 Hooks for auxiliary files (HO)
)
Package zref Info: New property list: main on input line 767.
Package zref Info: New property: default on input line 768.
Package zref Info: New property: page on input line 769.
)
\c@abspage=\count312
Package zref Info: New property: abspage on input line 67.
) (/usr/share/texmf-dist/tex/latex/needspace/needspace.sty
Package: needspace 2010/09/12 v1.3d reserve vertical space
)
\mdf@templength=\skip53
\c@mdf@globalstyle@cnt=\count313
\mdf@skipabove@length=\skip54
\mdf@skipbelow@length=\skip55
\mdf@leftmargin@length=\skip56
\mdf@rightmargin@length=\skip57
\mdf@innerleftmargin@length=\skip58
\mdf@innerrightmargin@length=\skip59
\mdf@innertopmargin@length=\skip60
\mdf@innerbottommargin@length=\skip61
\mdf@splittopskip@length=\skip62
\mdf@splitbottomskip@length=\skip63
\mdf@outermargin@length=\skip64
\mdf@innermargin@length=\skip65
\mdf@linewidth@length=\skip66
\mdf@innerlinewidth@length=\skip67
\mdf@middlelinewidth@length=\skip68
\mdf@outerlinewidth@length=\skip69
\mdf@roundcorner@length=\skip70
\mdf@footenotedistance@length=\skip71
\mdf@userdefinedwidth@length=\skip72
\mdf@needspace@length=\skip73
\mdf@frametitleaboveskip@length=\skip74
\mdf@frametitlebelowskip@length=\skip75
\mdf@frametitlerulewidth@length=\skip76
\mdf@frametitleleftmargin@length=\skip77
\mdf@frametitlerightmargin@length=\skip78
\mdf@shadowsize@length=\skip79
\mdf@extratopheight@length=\skip80
\mdf@subtitleabovelinewidth@length=\skip81
\mdf@subtitlebelowlinewidth@length=\skip82
\mdf@subtitleaboveskip@length=\skip83
\mdf@subtitlebelowskip@length=\skip84
\mdf@subtitleinneraboveskip@length=\skip85
\mdf@subtitleinnerbelowskip@length=\skip86
\mdf@subsubtitleabovelinewidth@length=\skip87
\mdf@subsubtitlebelowlinewidth@length=\skip88
\mdf@subsubtitleaboveskip@length=\skip89
\mdf@subsubtitlebelowskip@length=\skip90
\mdf@subsubtitleinneraboveskip@length=\skip91
\mdf@subsubtitleinnerbelowskip@length=\skip92

(/usr/share/texmf-dist/tex/latex/mdframed/md-frame-1.mdf
File: md-frame-1.mdf 2013/07/01\ 1.9b: md-frame-1
)
\mdf@frametitlebox=\box74
\mdf@footnotebox=\box75
\mdf@splitbox@one=\box76
\mdf@splitbox@two=\box77
\mdf@splitbox@save=\box78
\mdfsplitboxwidth=\skip93
\mdfsplitboxtotalwidth=\skip94
\mdfsplitboxheight=\skip95
\mdfsplitboxdepth=\skip96
\mdfsplitboxtotalheight=\skip97
\mdfframetitleboxwidth=\skip98
\mdfframetitleboxtotalwidth=\skip99
\mdfframetitleboxheight=\skip100
\mdfframetitleboxdepth=\skip101
\mdfframetitleboxtotalheight=\skip102
\mdffootnoteboxwidth=\skip103
\mdffootnoteboxtotalwidth=\skip104
\mdffootnoteboxheight=\skip105
\mdffootnoteboxdepth=\skip106
\mdffootnoteboxtotalheight=\skip107
\mdftotallinewidth=\skip108
\mdfboundingboxwidth=\skip109
\mdfboundingboxtotalwidth=\skip110
\mdfboundingboxheight=\skip111
\mdfboundingboxdepth=\skip112
\mdfboundingboxtotalheight=\skip113
\mdf@freevspace@length=\skip114
\mdf@horizontalwidthofbox@length=\skip115
\mdf@verticalmarginwhole@length=\skip116
\mdf@horizontalspaceofbox=\skip117
\mdfsubtitleheight=\skip118
\mdfsubsubtitleheight=\skip119
\c@mdfcountframes=\count314

****** mdframed patching \endmdf@trivlist

****** -- success******

\mdf@envdepth=\count315
\c@mdf@env@i=\count316
\c@mdf@env@ii=\count317
\c@mdf@zref@counter=\count318
Package zref Info: New property: mdf@pagevalue on input line 895.
) (/usr/share/texmf-dist/tex/latex/bbm-macros/bbm.sty
Package: bbm 1999/03/15 V 1.2 provides fonts for set symbols - TH
LaTeX Font Info:    Overwriting math alphabet `\mathbbm' in version `bold'
(Font)                  U/bbm/m/n --> U/bbm/bx/n on input line 33.
LaTeX Font Info:    Overwriting math alphabet `\mathbbmss' in version `bold'
(Font)                  U/bbmss/m/n --> U/bbmss/bx/n on input line 35.
) (/usr/share/texmf-dist/tex/latex/braket/braket.sty) (/usr/share/texmf-dist/tex/latex/amsmath/amsmath.sty
Package: amsmath 2024/11/05 v2.17t AMS math features
\@mathmargin=\skip120

For additional information on amsmath, use the `?' option.
(/usr/share/texmf-dist/tex/latex/amsmath/amstext.sty
Package: amstext 2021/08/26 v2.01 AMS text
 (/usr/share/texmf-dist/tex/latex/amsmath/amsgen.sty
File: amsgen.sty 1999/11/30 v2.0 generic functions
\@emptytoks=\toks38
\ex@=\dimen264
)) (/usr/share/texmf-dist/tex/latex/amsmath/amsbsy.sty
Package: amsbsy 1999/11/29 v1.2d Bold Symbols
\pmbraise@=\dimen265
) (/usr/share/texmf-dist/tex/latex/amsmath/amsopn.sty
Package: amsopn 2022/04/08 v2.04 operator names
)
\inf@bad=\count319
LaTeX Info: Redefining \frac on input line 233.
\uproot@=\count320
\leftroot@=\count321
LaTeX Info: Redefining \overline on input line 398.
LaTeX Info: Redefining \colon on input line 409.
\classnum@=\count322
\DOTSCASE@=\count323
LaTeX Info: Redefining \ldots on input line 495.
LaTeX Info: Redefining \dots on input line 498.
LaTeX Info: Redefining \cdots on input line 619.
\Mathstrutbox@=\box79
\strutbox@=\box80
LaTeX Info: Redefining \big on input line 721.
LaTeX Info: Redefining \Big on input line 722.
LaTeX Info: Redefining \bigg on input line 723.
LaTeX Info: Redefining \Bigg on input line 724.
\big@size=\dimen266
LaTeX Font Info:    Redeclaring font encoding OML on input line 742.
LaTeX Font Info:    Redeclaring font encoding OMS on input line 743.
\macc@depth=\count324
LaTeX Info: Redefining \bmod on input line 904.
LaTeX Info: Redefining \pmod on input line 909.
LaTeX Info: Redefining \smash on input line 939.
LaTeX Info: Redefining \relbar on input line 969.
LaTeX Info: Redefining \Relbar on input line 970.
\c@MaxMatrixCols=\count325
\dotsspace@=\muskip18
\c@parentequation=\count326
\dspbrk@lvl=\count327
\tag@help=\toks39
\row@=\count328
\column@=\count329
\maxfields@=\count330
\andhelp@=\toks40
\eqnshift@=\dimen267
\alignsep@=\dimen268
\tagshift@=\dimen269
\tagwidth@=\dimen270
\totwidth@=\dimen271
\lineht@=\dimen272
\@envbody=\toks41
\multlinegap=\skip121
\multlinetaggap=\skip122
\mathdisplay@stack=\toks42
LaTeX Info: Redefining \[ on input line 2953.
LaTeX Info: Redefining \] on input line 2954.
) (/usr/share/texmf-dist/tex/latex/tcolorbox/tcbskins.code.tex
Library (tcolorbox): 'tcbskins.code.tex' version '6.4.1'
(/usr/share/texmf-dist/tex/latex/tikzfill/tikzfill.image.sty
Package: tikzfill.image 2023/08/08 v1.0.1 Image filling library for TikZ
 (/usr/share/texmf-dist/tex/latex/tikzfill/tikzfill-common.sty
Package: tikzfill-common 2023/08/08 v1.0.1 Auxiliary code for tikzfill
) (/usr/share/texmf-dist/tex/latex/tikzfill/tikzlibraryfill.image.code.tex
File: tikzlibraryfill.image.code.tex 2023/08/08 v1.0.1 Image filling library
\l__tikzfill_img_box=\box81
)) (/usr/share/texmf-dist/tex/latex/tcolorbox/tcbskinsjigsaw.code.tex
Library (tcolorbox): 'tcbskinsjigsaw.code.tex' version '6.4.1'
)) (/usr/share/texmf-dist/tex/latex/tcolorbox/tcbbreakable.code.tex
Library (tcolorbox): 'tcbbreakable.code.tex' version '6.4.1'
(/usr/share/texmf-dist/tex/latex/pdfcol/pdfcol.sty
Package: pdfcol 2022-09-21 v1.7 Handle new color stacks for pdfTeX (HO)
)
Package pdfcol Info: New color stack `tcb@breakable' = 1 on input line 23.
\tcb@testbox=\box82
\tcb@totalupperbox=\box83
\tcb@totallowerbox=\box84
)
Package: mystyle 2025/09/12 Minimal packages
 (/usr/share/texmf-dist/tex/latex/base/fontenc.sty
Package: fontenc 2021/04/29 v2.0v Standard LaTeX package
) (/usr/share/texmf-dist/tex/generic/babel/babel.sty
Package: babel 2025/02/14 v25.4 The multilingual framework for pdfLaTeX, LuaLaTeX and XeLaTeX
\babel@savecnt=\count331
\U@D=\dimen273
\l@unhyphenated=\language5
 (/usr/share/texmf-dist/tex/generic/babel/txtbabel.def)
\bbl@readstream=\read4
\bbl@dirlevel=\count332
 (/usr/share/texmf-dist/tex/generic/babel-french/french.ldf
Language: french 2024-07-25 v3.6c French support from the babel system
Package babel Info: Hyphen rules for 'acadian' set to \l@french
(babel)             (\language4). Reported on input line 91.
Package babel Info: Hyphen rules for 'canadien' set to \l@french
(babel)             (\language4). Reported on input line 92.
\FB@stdchar=\count333
Package babel Info: Making : an active character on input line 421.
Package babel Info: Making ; an active character on input line 422.
Package babel Info: Making ! an active character on input line 423.
Package babel Info: Making ? an active character on input line 424.
\FBguill@level=\count334
\FBold@everypar=\toks43
\FB@Mht=\dimen274
\mc@charclass=\count335
\mc@charfam=\count336
\mc@charslot=\count337
\std@mcc=\count338
\dec@mcc=\count339
\FB@parskip=\dimen275
\listindentFB=\dimen276
\descindentFB=\dimen277
\labelindentFB=\dimen278
\labelwidthFB=\dimen279
\leftmarginFB=\dimen280
\parindentFFN=\dimen281
\FBfnindent=\dimen282
)) (/usr/share/texmf-dist/tex/generic/babel/locale/fr/babel-french.tex
Package babel Info: Importing font and identification data for french
(babel)             from babel-fr.ini. Reported on input line 11.
) (/usr/share/texmf-dist/tex/latex/carlisle/scalefnt.sty)

./mystyle.sty:115: LaTeX Error: Option clash for package hyperref.

See the LaTeX manual or LaTeX Companion for explanation.
Type  H <return>  for immediate help.
 ...                                              
                                                  
l.115 \RequirePackage
                     {xcolor}
The package hyperref has already been loaded with options:
  [hidelinks]
There has now been an attempt to load it with options
  [colorlinks=true, linkcolor=blue, urlcolor=cyan]
Adding the global options:
  hidelinks,colorlinks=true, linkcolor=blue, urlcolor=cyan
to your \documentclass declaration may fix this.
Try typing  <return>  to proceed.

\c@definitioncounter=\count340
\c@theoremecounter=\count341
./mystyle.sty:225: Undefined control sequence.
\endtcolorbox ->\tcb@insert@after@part 
                                       \end {tcb@savebox}\tcb@draw@color@box...
l.225 \end{tcolorbox}
                     
The control sequence at the end of the top line
of your error message was never \def'ed. If you have
misspelled it (e.g., `\hobx'), type `I' and the correct
spelling (e.g., `I\hbox'). Otherwise just continue,
and I'll forget about whatever was undefined.

./mystyle.sty:225: Extra \endgroup.
\color@endgroup ->\endgraf \@endpefalse \endgroup 
                                                  
l.225 \end{tcolorbox}
                     
Things are pretty mixed up, but I think the worst is over.

./mystyle.sty:225: Too many }'s.
\endtcb@savebox ...efalse \color@endgroup \egroup 
                                                  \expandafter \@iiiparbox \...
l.225 \end{tcolorbox}
                     
You've closed more groups than you opened.
Such booboos are generally harmless, so keep going.

./mystyle.sty:225: Undefined control sequence.
\endtcb@savebox ...pandafter \@iiiparbox \@mpargs 
                                                  {\unvbox \@tempboxa }
l.225 \end{tcolorbox}
                     
The control sequence at the end of the top line
of your error message was never \def'ed. If you have
misspelled it (e.g., `\hobx'), type `I' and the correct
spelling (e.g., `I\hbox'). Otherwise just continue,
and I'll forget about whatever was undefined.

)
Runaway argument?
\@checkend {tcb@savebox}\endgroup \UseHook {env/tcb@savebox/after}\if@ignore \ETC.
./resume.tex:3: File ended while scanning use of \@iiiparbox.
<inserted text> 
                \par 
l.3 
    
I suspect you have forgotten a `}', causing me
to read past where you wanted me to stop.
I'll try to recover; but if the error is serious,
you'd better type `E' or `X' now and fix your file.

./resume.tex:4: Undefined control sequence.
<argument> \undefinedpagestyle 
                               
l.4 \thispagestyle{fancy}
                         
The control sequence at the end of the top line
of your error message was never \def'ed. If you have
misspelled it (e.g., `\hobx'), type `I' and the correct
spelling (e.g., `I\hbox'). Otherwise just continue,
and I'll forget about whatever was undefined.


LaTeX Warning: Unused global option(s):
    [10].

(./resume.aux)
\openout1 = `resume.aux'.

LaTeX Font Info:    Checking defaults for OML/cmm/m/it on input line 9.
LaTeX Font Info:    ... okay on input line 9.
LaTeX Font Info:    Checking defaults for OMS/cmsy/m/n on input line 9.
LaTeX Font Info:    ... okay on input line 9.
LaTeX Font Info:    Checking defaults for OT1/cmr/m/n on input line 9.
LaTeX Font Info:    ... okay on input line 9.
LaTeX Font Info:    Checking defaults for T1/cmr/m/n on input line 9.
LaTeX Font Info:    ... okay on input line 9.
LaTeX Font Info:    Checking defaults for TS1/cmr/m/n on input line 9.
LaTeX Font Info:    ... okay on input line 9.
LaTeX Font Info:    Checking defaults for OMX/cmex/m/n on input line 9.
LaTeX Font Info:    ... okay on input line 9.
LaTeX Font Info:    Checking defaults for U/cmr/m/n on input line 9.
LaTeX Font Info:    ... okay on input line 9.
LaTeX Font Info:    Checking defaults for PD1/pdf/m/n on input line 9.
LaTeX Font Info:    ... okay on input line 9.
LaTeX Font Info:    Checking defaults for PU/pdf/m/n on input line 9.
LaTeX Font Info:    ... okay on input line 9.

*geometry* driver: auto-detecting
*geometry* detected driver: pdftex
*geometry* verbose mode - [ preamble ] result:
* driver: pdftex
* paper: a4paper
* layout: <same size as paper>
* layoutoffset:(h,v)=(0.0pt,0.0pt)
* modes: 
* h-part:(L,W,R)=(78.24507pt, 441.01773pt, 78.24507pt)
* v-part:(T,H,B)=(56.9055pt, 702.78308pt, 85.35826pt)
* \paperwidth=597.50787pt
* \paperheight=845.04684pt
* \textwidth=441.01773pt
* \textheight=702.78308pt
* \oddsidemargin=5.97508pt
* \evensidemargin=5.97508pt
* \topmargin=-52.36449pt
* \headheight=12.0pt
* \headsep=25.0pt
* \topskip=10.0pt
* \footskip=30.0pt
* \marginparwidth=57.0pt
* \marginparsep=11.0pt
* \columnsep=10.0pt
* \skip\footins=9.0pt plus 4.0pt minus 2.0pt
* \hoffset=0.0pt
* \voffset=0.0pt
* \mag=1000
* \@twocolumnfalse
* \@twosidefalse
* \@mparswitchfalse
* \@reversemarginfalse
* (1in=72.27pt=25.4mm, 1cm=28.453pt)

(/usr/share/texmf-dist/tex/context/base/mkii/supp-pdf.mkii
[Loading MPS to PDF converter (version 2006.09.02).]
\scratchcounter=\count342
\scratchdimen=\dimen283
\scratchbox=\box85
\nofMPsegments=\count343
\nofMParguments=\count344
\everyMPshowfont=\toks44
\MPscratchCnt=\count345
\MPscratchDim=\dimen284
\MPnumerator=\count346
\makeMPintoPDFobject=\count347
\everyMPtoPDFconversion=\toks45
) (/usr/share/texmf-dist/tex/latex/epstopdf-pkg/epstopdf-base.sty
Package: epstopdf-base 2020-01-24 v2.11 Base part for package epstopdf
Package epstopdf-base Info: Redefining graphics rule for `.eps' on input line 485.
 (/usr/share/texmf-dist/tex/latex/latexconfig/epstopdf-sys.cfg
File: epstopdf-sys.cfg 2010/07/13 v1.3 Configuration of (r)epstopdf for TeX Live
))
Package hyperref Info: Link coloring OFF on input line 9.
 (./resume.out) (./resume.out)
\@outlinefile=\write4
\openout4 = `resume.out'.

LaTeX Info: Redefining \degres on input line 9.
Package french.ldf Info: Setting StandardItemizeEnv=true for
(french.ldf)             compatibility with enumitem package,
(french.ldf)             reported on input line 9.
Package french.ldf Info: Setting StandardEnumerateEnv=true for
(french.ldf)             compatibility with enumitem package,
(french.ldf)             reported on input line 9.
LaTeX Info: Redefining \up on input line 9.
LaTeX Font Info:    Trying to load font information for U+msa on input line 11.
 (/usr/share/texmf-dist/tex/latex/amsfonts/umsa.fd
File: umsa.fd 2013/01/14 v3.01 AMS symbols A
)
LaTeX Font Info:    Trying to load font information for U+msb on input line 11.
 (/usr/share/texmf-dist/tex/latex/amsfonts/umsb.fd
File: umsb.fd 2013/01/14 v3.01 AMS symbols B
)

[1

{/var/lib/texmf/fonts/map/pdftex/updmap/pdftex.map}] (./resume.toc)
\tf@toc=\write5
\openout5 = `resume.toc'.




pdfTeX warning (ext4): destination with the same identifier (name{page.1}) has been already used, duplicate ignored
<to be read again> 
                   \relax 
l.14 \newpage
              [1]

./resume.tex:17: Package pgfkeys Error: Choice 'none' unknown in choice key '/tcb/sharp corners'. I am going to ignore this key.

See the pgfkeys package documentation for explanation.
Type  H <return>  for immediate help.
 ...                                              
                                                  
l.17     \begin{tcolorbox}[vert]
                                
This error message was generated by an \errmessage
command, so I can't give any explicit help.
Pretend that you're Hercule Poirot: Examine all clues,
and deduce the truth by order and method.


./resume.tex:54: Package pgfkeys Error: Choice 'none' unknown in choice key '/tcb/sharp corners'. I am going to ignore this key.

See the pgfkeys package documentation for explanation.
Type  H <return>  for immediate help.
 ...                                              
                                                  
l.54 ...                  \begin{tcolorbox}[rouge]
                                                  
(That was another \errmessage.)

LaTeX Font Info:    Trying to load font information for U+bbm on input line 67.
(/usr/share/texmf-dist/tex/latex/bbm-macros/ubbm.fd
File: ubbm.fd 1999/03/15 V 1.2 Font definition for bbm font - TH
)

./resume.tex:76: Package pgfkeys Error: Choice 'none' unknown in choice key '/tcb/sharp corners'. I am going to ignore this key.

See the pgfkeys package documentation for explanation.
Type  H <return>  for immediate help.
 ...                                              
                                                  
l.76         \begin{tcolorbox}[vert]
                                    
(That was another \errmessage.)



[2]

./resume.tex:80: Package pgfkeys Error: Choice 'none' unknown in choice key '/tcb/sharp corners'. I am going to ignore this key.

See the pgfkeys package documentation for explanation.
Type  H <return>  for immediate help.
 ...                                              
                                                  
l.80             \begin{tcolorbox}[gris]
                                        
(That was another \errmessage.)


./resume.tex:85: Package pgfkeys Error: Choice 'none' unknown in choice key '/tcb/sharp corners'. I am going to ignore this key.

See the pgfkeys package documentation for explanation.
Type  H <return>  for immediate help.
 ...                                              
                                                  
l.85            \begin{tcolorbox}[rouge]
                                        
(That was another \errmessage.)

<images/1.png, id=120, 523.9575pt x 402.50375pt>
File: images/1.png Graphic file (type png)
<use images/1.png>
Package pdftex.def Info: images/1.png  used on input line 89.
(pdftex.def)             Requested size: 142.26378pt x 109.28549pt.

Underfull \hbox (badness 10000) in paragraph at lines 89--90
[]\T1/cmr/m/n/10 Physical sys-tem : Mach-Zehnder in-ter-fe-ro-me-ter :
 []


./resume.tex:96: Package pgfkeys Error: Choice 'none' unknown in choice key '/tcb/sharp corners'. I am going to ignore this key.

See the pgfkeys package documentation for explanation.
Type  H <return>  for immediate help.
 ...                                              
                                                  
l.96         \begin{tcolorbox}[vert]
                                    
(That was another \errmessage.)


./resume.tex:100: Package pgfkeys Error: Choice 'none' unknown in choice key '/tcb/sharp corners'. I am going to ignore this key.

See the pgfkeys package documentation for explanation.
Type  H <return>  for immediate help.
 ...                                              
                                                  
l.100             \begin{tcolorbox}[rouge]
                                          
(That was another \errmessage.)


./resume.tex:107: Package pgfkeys Error: Choice 'none' unknown in choice key '/tcb/sharp corners'. I am going to ignore this key.

See the pgfkeys package documentation for explanation.
Type  H <return>  for immediate help.
 ...                                              
                                                  
l.107         \begin{tcolorbox}[vert]
                                     
(That was another \errmessage.)


./resume.tex:111: Package pgfkeys Error: Choice 'none' unknown in choice key '/tcb/sharp corners'. I am going to ignore this key.

See the pgfkeys package documentation for explanation.
Type  H <return>  for immediate help.
 ...                                              
                                                  
l.111             \begin{tcolorbox}[rouge]
                                          
(That was another \errmessage.)



[3 <./images/1.png>]
Package mdframed Info: Not enough space on this page on input line 116.


./resume.tex:119: Package pgfkeys Error: Choice 'none' unknown in choice key '/tcb/sharp corners'. I am going to ignore this key.

See the pgfkeys package documentation for explanation.
Type  H <return>  for immediate help.
 ...                                              
                                                  
l.119             \begin{tcolorbox}[vert]
                                         
(That was another \errmessage.)


./resume.tex:129: Package pgfkeys Error: Choice 'none' unknown in choice key '/tcb/sharp corners'. I am going to ignore this key.

See the pgfkeys package documentation for explanation.
Type  H <return>  for immediate help.
 ...                                              
                                                  
l.129                 S
                       pectral Theorem:
(That was another \errmessage.)


./resume.tex:147: Package pgfkeys Error: Choice 'none' unknown in choice key '/tcb/sharp corners'. I am going to ignore this key.

See the pgfkeys package documentation for explanation.
Type  H <return>  for immediate help.
 ...                                              
                                                  
l.147             \begin{tcolorbox}[vert]
                                         
(That was another \errmessage.)


./resume.tex:151: Package pgfkeys Error: Choice 'none' unknown in choice key '/tcb/sharp corners'. I am going to ignore this key.

See the pgfkeys package documentation for explanation.
Type  H <return>  for immediate help.
 ...                                              
                                                  
l.151                 \begin{tcolorbox}[gris]
                                             
(That was another \errmessage.)


./resume.tex:156: Package pgfkeys Error: Choice 'none' unknown in choice key '/tcb/sharp corners'. I am going to ignore this key.

See the pgfkeys package documentation for explanation.
Type  H <return>  for immediate help.
 ...                                              
                                                  
l.156                 \begin{tcolorbox}[rouge]
                                              
(That was another \errmessage.)


Package mdframed Warning: You got a bad break
(mdframed)                because the last box will be empty
(mdframed)                you have to change it manually
(mdframed)                by changing the text, the space
(mdframed)                or something else on input line 165.


Overfull \vbox (19.8403pt too high) detected at line 165
 []

Package mdframed Info: Box was splittet wrong
 starting loop to iterate the splitting point
(mdframed)              on input line 165.

Overfull \vbox (20.8403pt too high) detected at line 165
 []


Overfull \vbox (21.8403pt too high) detected at line 165
 []


Overfull \vbox (22.8403pt too high) detected at line 165
 []


Overfull \vbox (23.8403pt too high) detected at line 165
 []


Overfull \vbox (24.8403pt too high) detected at line 165
 []


Overfull \vbox (25.8403pt too high) detected at line 165
 []


Overfull \vbox (26.8403pt too high) detected at line 165
 []


Overfull \vbox (27.8403pt too high) detected at line 165
 []


Overfull \vbox (28.8403pt too high) detected at line 165
 []


Overfull \vbox (29.8403pt too high) detected at line 165
 []


Overfull \vbox (30.8403pt too high) detected at line 165
 []


Overfull \vbox (31.8403pt too high) detected at line 165
 []


Overfull \vbox (32.8403pt too high) detected at line 165
 []


Overfull \vbox (33.8403pt too high) detected at line 165
 []


Overfull \vbox (34.8403pt too high) detected at line 165
 []


Overfull \vbox (35.8403pt too high) detected at line 165
 []


Overfull \vbox (36.8403pt too high) detected at line 165
 []


Overfull \vbox (37.8403pt too high) detected at line 165
 []


Overfull \vbox (38.8403pt too high) detected at line 165
 []


Overfull \vbox (39.8403pt too high) detected at line 165
 []


Overfull \vbox (40.8403pt too high) detected at line 165
 []


Overfull \vbox (41.8403pt too high) detected at line 165
 []


Overfull \vbox (42.8403pt too high) detected at line 165
 []


Overfull \vbox (43.8403pt too high) detected at line 165
 []


Overfull \vbox (44.8403pt too high) detected at line 165
 []


Overfull \vbox (45.8403pt too high) detected at line 165
 []


Overfull \vbox (46.8403pt too high) detected at line 165
 []


Overfull \vbox (47.8403pt too high) detected at line 165
 []


Overfull \vbox (48.8403pt too high) detected at line 165
 []


Overfull \vbox (49.8403pt too high) detected at line 165
 []


Overfull \vbox (50.8403pt too high) detected at line 165
 []


Overfull \vbox (51.8403pt too high) detected at line 165
 []


Overfull \vbox (52.8403pt too high) detected at line 165
 []


Overfull \vbox (53.8403pt too high) detected at line 165
 []


Overfull \vbox (54.8403pt too high) detected at line 165
 []


Overfull \vbox (55.8403pt too high) detected at line 165
 []


Overfull \vbox (56.8403pt too high) detected at line 165
 []


Overfull \vbox (57.8403pt too high) detected at line 165
 []


Overfull \vbox (58.8403pt too high) detected at line 165
 []


Overfull \vbox (59.8403pt too high) detected at line 165
 []


Overfull \vbox (60.8403pt too high) detected at line 165
 []


Overfull \vbox (61.8403pt too high) detected at line 165
 []


Overfull \vbox (62.8403pt too high) detected at line 165
 []


Overfull \vbox (63.8403pt too high) detected at line 165
 []


Overfull \vbox (64.8403pt too high) detected at line 165
 []


Overfull \vbox (65.8403pt too high) detected at line 165
 []


Overfull \vbox (66.8403pt too high) detected at line 165
 []


Overfull \vbox (67.8403pt too high) detected at line 165
 []


Overfull \vbox (68.8403pt too high) detected at line 165
 []


Overfull \vbox (69.8403pt too high) detected at line 165
 []


Overfull \vbox (70.8403pt too high) detected at line 165
 []


Overfull \vbox (71.8403pt too high) detected at line 165
 []


Overfull \vbox (72.8403pt too high) detected at line 165
 []


Overfull \vbox (73.8403pt too high) detected at line 165
 []


Overfull \vbox (74.8403pt too high) detected at line 165
 []


Overfull \vbox (75.8403pt too high) detected at line 165
 []


Overfull \vbox (76.8403pt too high) detected at line 165
 []


Overfull \vbox (77.8403pt too high) detected at line 165
 []


Overfull \vbox (78.8403pt too high) detected at line 165
 []


Overfull \vbox (79.8403pt too high) detected at line 165
 []


Overfull \vbox (80.8403pt too high) detected at line 165
 []


Overfull \vbox (81.8403pt too high) detected at line 165
 []


Overfull \vbox (82.8403pt too high) detected at line 165
 []


Overfull \vbox (83.8403pt too high) detected at line 165
 []


Overfull \vbox (84.8403pt too high) detected at line 165
 []


Overfull \vbox (85.8403pt too high) detected at line 165
 []


Overfull \vbox (86.8403pt too high) detected at line 165
 []


Overfull \vbox (87.8403pt too high) detected at line 165
 []


Overfull \vbox (88.8403pt too high) detected at line 165
 []


Overfull \vbox (89.8403pt too high) detected at line 165
 []


Overfull \vbox (90.8403pt too high) detected at line 165
 []


Overfull \vbox (91.8403pt too high) detected at line 165
 []


Overfull \vbox (92.8403pt too high) detected at line 165
 []


Overfull \vbox (93.8403pt too high) detected at line 165
 []


Overfull \vbox (94.8403pt too high) detected at line 165
 []


Overfull \vbox (95.8403pt too high) detected at line 165
 []


Overfull \vbox (96.8403pt too high) detected at line 165
 []


Overfull \vbox (97.8403pt too high) detected at line 165
 []


Overfull \vbox (98.8403pt too high) detected at line 165
 []


Overfull \vbox (99.8403pt too high) detected at line 165
 []


Overfull \vbox (100.8403pt too high) detected at line 165
 []


Overfull \vbox (101.8403pt too high) detected at line 165
 []


Overfull \vbox (102.8403pt too high) detected at line 165
 []


Overfull \vbox (103.8403pt too high) detected at line 165
 []


Overfull \vbox (104.8403pt too high) detected at line 165
 []


Overfull \vbox (105.8403pt too high) detected at line 165
 []


Overfull \vbox (106.8403pt too high) detected at line 165
 []


Overfull \vbox (107.8403pt too high) detected at line 165
 []


Overfull \vbox (108.8403pt too high) detected at line 165
 []


Overfull \vbox (109.8403pt too high) detected at line 165
 []


Overfull \vbox (110.8403pt too high) detected at line 165
 []


Overfull \vbox (111.8403pt too high) detected at line 165
 []


Overfull \vbox (112.8403pt too high) detected at line 165
 []


Overfull \vbox (113.8403pt too high) detected at line 165
 []


Overfull \vbox (114.8403pt too high) detected at line 165
 []


Overfull \vbox (115.8403pt too high) detected at line 165
 []


Overfull \vbox (116.8403pt too high) detected at line 165
 []


Overfull \vbox (117.8403pt too high) detected at line 165
 []


Overfull \vbox (118.8403pt too high) detected at line 165
 []


Overfull \vbox (119.8403pt too high) detected at line 165
 []


Overfull \vbox (120.8403pt too high) detected at line 165
 []


Package mdframed Warning: correct box splittet fails
 It seems you are using a non splittable contents
(mdframed)                 on input line 165.

Package mdframed Info: You first box width is to small
 mdframed fixed it
(mdframed)              on input line 165.


[4]

./resume.tex:167: Package pgfkeys Error: Choice 'none' unknown in choice key '/tcb/sharp corners'. I am going to ignore this key.

See the pgfkeys package documentation for explanation.
Type  H <return>  for immediate help.
 ...                                              
                                                  
l.167             \begin{tcolorbox}[vert]
                                         
(That was another \errmessage.)


./resume.tex:171: Package pgfkeys Error: Choice 'none' unknown in choice key '/tcb/sharp corners'. I am going to ignore this key.

See the pgfkeys package documentation for explanation.
Type  H <return>  for immediate help.
 ...                                              
                                                  
l.171                 \begin{tcolorbox}[rouge]
                                              
(That was another \errmessage.)

File: images/1.png Graphic file (type png)
<use images/1.png>
Package pdftex.def Info: images/1.png  used on input line 183.
(pdftex.def)             Requested size: 142.26378pt x 109.28549pt.
./resume.tex:185: Misplaced alignment tab character &.
l.185 ... \beta \end{pmatrix}, \mathspace \alpha &
                                                   \beta \in \mathbb{C}, \le...
I can't figure out why you would want to use a tab mark
here. If you just want an ampersand, the remedy is
simple: Just type `I\&' now. But if some right brace
up above has ended a previous alignment prematurely,
you're probably due for more error messages, and you
might try typing `S' now just to see what is salvageable.


./resume.tex:189: Package pgfkeys Error: Choice 'none' unknown in choice key '/tcb/sharp corners'. I am going to ignore this key.

See the pgfkeys package documentation for explanation.
Type  H <return>  for immediate help.
 ...                                              
                                                  
l.189                    \begin{tcolorbox}[gris]
                                                
(That was another \errmessage.)


Overfull \hbox (15.26576pt too wide) in paragraph at lines 193--194
[]\T1/cmr/bx/n/10 Perfect mir-ror :  $\OML/cmm/m/it/10 R \OT1/cmr/m/n/10 = [] \OML/cmm/m/it/10 ;  RR[] \OT1/cmr/m/n/10 = \OML/cmm/m/it/10 R[]R \OT1/cmr/m/n/10 = 1 [] \OML/cmm/m/it/10 ;  R[] \OT1/cmr/m/n/10 = \OML/cmm/m/it/10 R []$\T1/cmr/m/n/10 . 
 []



[5]
Overfull \hbox (15.4139pt too wide) in paragraph at lines 214--215
[]\T1/cmr/m/n/10 Expectated va-lue of (Z) : $[] \OML/cmm/m/it/10 Z [] \OT1/cmr/m/n/10 = [] \OMS/cmsy/m/n/10 f[] [] [] \OT1/cmr/m/n/10 + [] [] []\OMS/cmsy/m/n/10 g [] \OT1/cmr/m/n/10 =
 []


./resume.tex:227: Package pgfkeys Error: Choice 'none' unknown in choice key '/tcb/sharp corners'. I am going to ignore this key.

See the pgfkeys package documentation for explanation.
Type  H <return>  for immediate help.
 ...                                              
                                                  
l.227                     \begin{tcolorbox}[gris]
                                                 
(That was another \errmessage.)

./resume.tex:233: Misplaced alignment tab character &.
l.233 ...inear polarization state: } \ket{\theta}&
                                                  =\cos \theta \ket{x}+\sin ...
I can't figure out why you would want to use a tab mark
here. If you just want an ampersand, the remedy is
simple: Just type `I\&' now. But if some right brace
up above has ended a previous alignment prematurely,
you're probably due for more error messages, and you
might try typing `S' now just to see what is salvageable.

./resume.tex:234: Misplaced alignment tab character &.
l.234                  \ket{\theta_{\perp}} &
                                             = -\sin \theta \ket{x} + \cos \...
I can't figure out why you would want to use a tab mark
here. If you just want an ampersand, the remedy is
simple: Just type `I\&' now. But if some right brace
up above has ended a previous alignment prematurely,
you're probably due for more error messages, and you
might try typing `S' now just to see what is salvageable.


Underfull \hbox (badness 10000) in paragraph at lines 236--237

 []


./resume.tex:238: Package pgfkeys Error: Choice 'none' unknown in choice key '/tcb/sharp corners'. I am going to ignore this key.

See the pgfkeys package documentation for explanation.
Type  H <return>  for immediate help.
 ...                                              
                                                  
l.238                 \begin{tcolorbox}[gris]
                                             
(That was another \errmessage.)



[6]

./resume.tex:257: LaTeX Error: \begin{itemize} on input line 254 ended by \end{enumerate}.

See the LaTeX manual or LaTeX Companion for explanation.
Type  H <return>  for immediate help.
 ...                                              
                                                  
l.257         \end{enumerate}
                             
Your command was ignored.
Type  I <command> <return>  to replace it with another command,
or  <return>  to continue without it.


./resume.tex:258: Package pgfkeys Error: Choice 'none' unknown in choice key '/tcb/sharp corners'. I am going to ignore this key.

See the pgfkeys package documentation for explanation.
Type  H <return>  for immediate help.
 ...                                              
                                                  
l.258         \begin{tcolorbox}[vert]
                                     
(That was another \errmessage.)


./resume.tex:318: Package pgfkeys Error: Choice 'none' unknown in choice key '/tcb/sharp corners'. I am going to ignore this key.

See the pgfkeys package documentation for explanation.
Type  H <return>  for immediate help.
 ...                                              
                                                  
l.318                     \begin{tcolorbox}[gris]
                                                 
(That was another \errmessage.)


Overfull \vbox (12.80118pt too high) detected at line 322
 []

Package mdframed Info: Box was splittet wrong
 starting loop to iterate the splitting point
(mdframed)              on input line 322.

Overfull \vbox (13.80118pt too high) detected at line 322
 []


Overfull \vbox (14.80118pt too high) detected at line 322
 []


Overfull \vbox (15.80118pt too high) detected at line 322
 []


Overfull \vbox (16.80118pt too high) detected at line 322
 []


Overfull \vbox (17.80118pt too high) detected at line 322
 []


Overfull \vbox (18.80118pt too high) detected at line 322
 []


Overfull \vbox (19.80118pt too high) detected at line 322
 []


Overfull \vbox (20.80118pt too high) detected at line 322
 []


Overfull \vbox (21.80118pt too high) detected at line 322
 []


Overfull \vbox (22.80118pt too high) detected at line 322
 []


Overfull \vbox (23.80118pt too high) detected at line 322
 []


Overfull \vbox (24.80118pt too high) detected at line 322
 []


Overfull \vbox (25.80118pt too high) detected at line 322
 []


Overfull \vbox (26.80118pt too high) detected at line 322
 []


Overfull \vbox (27.80118pt too high) detected at line 322
 []


Overfull \vbox (28.80118pt too high) detected at line 322
 []


Overfull \vbox (29.80118pt too high) detected at line 322
 []


Overfull \vbox (30.80118pt too high) detected at line 322
 []


Overfull \vbox (31.80118pt too high) detected at line 322
 []


Overfull \vbox (32.80118pt too high) detected at line 322
 []


Overfull \vbox (33.80118pt too high) detected at line 322
 []


Overfull \vbox (34.80118pt too high) detected at line 322
 []


Overfull \vbox (35.80118pt too high) detected at line 322
 []


Overfull \vbox (36.80118pt too high) detected at line 322
 []


Overfull \vbox (37.80118pt too high) detected at line 322
 []


Overfull \vbox (38.80118pt too high) detected at line 322
 []


Overfull \vbox (39.80118pt too high) detected at line 322
 []


Overfull \vbox (40.80118pt too high) detected at line 322
 []


Overfull \vbox (41.80118pt too high) detected at line 322
 []


Overfull \vbox (42.80118pt too high) detected at line 322
 []


Overfull \vbox (43.80118pt too high) detected at line 322
 []


Overfull \vbox (44.80118pt too high) detected at line 322
 []


Overfull \vbox (45.80118pt too high) detected at line 322
 []


Overfull \vbox (46.80118pt too high) detected at line 322
 []


Overfull \vbox (47.80118pt too high) detected at line 322
 []


Overfull \vbox (48.80118pt too high) detected at line 322
 []


Overfull \vbox (49.80118pt too high) detected at line 322
 []


Overfull \vbox (50.80118pt too high) detected at line 322
 []


Overfull \vbox (51.80118pt too high) detected at line 322
 []


Overfull \vbox (52.80118pt too high) detected at line 322
 []


Overfull \vbox (53.80118pt too high) detected at line 322
 []


Overfull \vbox (54.80118pt too high) detected at line 322
 []


Overfull \vbox (55.80118pt too high) detected at line 322
 []


Overfull \vbox (56.80118pt too high) detected at line 322
 []


Overfull \vbox (57.80118pt too high) detected at line 322
 []


Overfull \vbox (58.80118pt too high) detected at line 322
 []


Overfull \vbox (59.80118pt too high) detected at line 322
 []


Overfull \vbox (60.80118pt too high) detected at line 322
 []


Overfull \vbox (61.80118pt too high) detected at line 322
 []


Overfull \vbox (62.80118pt too high) detected at line 322
 []


Overfull \vbox (63.80118pt too high) detected at line 322
 []


Overfull \vbox (64.80118pt too high) detected at line 322
 []


Overfull \vbox (65.80118pt too high) detected at line 322
 []


Overfull \vbox (66.80118pt too high) detected at line 322
 []


Overfull \vbox (67.80118pt too high) detected at line 322
 []


Overfull \vbox (68.80118pt too high) detected at line 322
 []


Overfull \vbox (69.80118pt too high) detected at line 322
 []


Overfull \vbox (70.80118pt too high) detected at line 322
 []


Overfull \vbox (71.80118pt too high) detected at line 322
 []


Overfull \vbox (72.80118pt too high) detected at line 322
 []


Overfull \vbox (73.80118pt too high) detected at line 322
 []


Overfull \vbox (74.80118pt too high) detected at line 322
 []


Overfull \vbox (75.80118pt too high) detected at line 322
 []


Overfull \vbox (76.80118pt too high) detected at line 322
 []


Overfull \vbox (77.80118pt too high) detected at line 322
 []


Overfull \vbox (78.80118pt too high) detected at line 322
 []


Overfull \vbox (79.80118pt too high) detected at line 322
 []


Overfull \vbox (80.80118pt too high) detected at line 322
 []


Overfull \vbox (81.80118pt too high) detected at line 322
 []


Overfull \vbox (82.80118pt too high) detected at line 322
 []


Overfull \vbox (83.80118pt too high) detected at line 322
 []


Overfull \vbox (84.80118pt too high) detected at line 322
 []


Overfull \vbox (85.80118pt too high) detected at line 322
 []


Overfull \vbox (86.80118pt too high) detected at line 322
 []


Overfull \vbox (87.80118pt too high) detected at line 322
 []


Overfull \vbox (88.80118pt too high) detected at line 322
 []


Overfull \vbox (89.80118pt too high) detected at line 322
 []


Overfull \vbox (90.80118pt too high) detected at line 322
 []


Overfull \vbox (91.80118pt too high) detected at line 322
 []


Overfull \vbox (92.80118pt too high) detected at line 322
 []


Overfull \vbox (93.80118pt too high) detected at line 322
 []


Overfull \vbox (94.80118pt too high) detected at line 322
 []


Overfull \vbox (95.80118pt too high) detected at line 322
 []


Overfull \vbox (96.80118pt too high) detected at line 322
 []


Overfull \vbox (97.80118pt too high) detected at line 322
 []


Overfull \vbox (98.80118pt too high) detected at line 322
 []


Overfull \vbox (99.80118pt too high) detected at line 322
 []


Overfull \vbox (100.80118pt too high) detected at line 322
 []


Overfull \vbox (101.80118pt too high) detected at line 322
 []


Overfull \vbox (102.80118pt too high) detected at line 322
 []


Overfull \vbox (103.80118pt too high) detected at line 322
 []


Overfull \vbox (104.80118pt too high) detected at line 322
 []


Overfull \vbox (105.80118pt too high) detected at line 322
 []


Overfull \vbox (106.80118pt too high) detected at line 322
 []


Overfull \vbox (107.80118pt too high) detected at line 322
 []


Overfull \vbox (108.80118pt too high) detected at line 322
 []


Overfull \vbox (109.80118pt too high) detected at line 322
 []


Overfull \vbox (110.80118pt too high) detected at line 322
 []


Overfull \vbox (111.80118pt too high) detected at line 322
 []


Overfull \vbox (112.80118pt too high) detected at line 322
 []


Overfull \vbox (113.80118pt too high) detected at line 322
 []


Package mdframed Warning: correct box splittet fails
 It seems you are using a non splittable contents
(mdframed)                 on input line 322.

Package mdframed Info: You first box width is to small
 mdframed fixed it
(mdframed)              on input line 322.


[7]

[8] (./resume.aux)
 ***********
LaTeX2e <2024-11-01> patch level 2
L3 programming layer <2025-01-18>
 ***********
Package rerunfilecheck Info: File `resume.out' has not changed.
(rerunfilecheck)             Checksum: 9F9E65B813525B94D7412915E89879C6;2705.
 ) 
Here is how much of TeX's memory you used:
 28053 strings out of 475142
 548682 string characters out of 5765945
 998539 words of memory out of 5000000
 50545 multiletter control sequences out of 15000+600000
 578983 words of font info for 84 fonts, out of 8000000 for 9000
 14 hyphenation exceptions out of 8191
 131i,14n,135p,506b,1101s stack positions out of 10000i,1000n,20000p,200000b,200000s
 </home/deeme/.texlive/texmf-var/fonts/pk/ljfour/jknappen/ec/ecti0700.600pk> </home/deeme/.texlive/texmf-var/fonts/pk/ljfour/jknappen/ec/ecrm0700.600pk> </home/deeme/.texlive/texmf-var/fonts/pk/ljfour/jknappen/ec/tcti1000.600pk> </home/deeme/.texlive/texmf-var/fonts/pk/ljfour/public/bbm/bbm10.600pk> </home/deeme/.texlive/texmf-var/fonts/pk/ljfour/jknappen/ec/ecti0800.600pk> </home/deeme/.texlive/texmf-var/fonts/pk/ljfour/jknappen/ec/ecbx1200.600pk> </home/deeme/.texlive/texmf-var/fonts/pk/ljfour/jknappen/ec/ecti1000.600pk> </home/deeme/.texlive/texmf-var/fonts/pk/ljfour/jknappen/ec/tcrm1000.600pk> </home/deeme/.texlive/texmf-var/fonts/pk/ljfour/jknappen/ec/ecrm1000.600pk> </home/deeme/.texlive/texmf-var/fonts/pk/ljfour/jknappen/ec/ecbx1000.600pk> </home/deeme/.texlive/texmf-var/fonts/pk/ljfour/jknappen/ec/ecbx1440.600pk> </home/deeme/.texlive/texmf-var/fonts/pk/ljfour/jknappen/ec/ecrm1200.600pk> </home/deeme/.texlive/texmf-var/fonts/pk/ljfour/jknappen/ec/ecrm1728.600pk></usr/share/texmf-dist/fonts/type1/public/amsfonts/cm/cmex10.pfb></usr/share/texmf-dist/fonts/type1/public/amsfonts/cm/cmmi10.pfb></usr/share/texmf-dist/fonts/type1/public/amsfonts/cm/cmmi5.pfb></usr/share/texmf-dist/fonts/type1/public/amsfonts/cm/cmmi7.pfb></usr/share/texmf-dist/fonts/type1/public/amsfonts/cm/cmr10.pfb></usr/share/texmf-dist/fonts/type1/public/amsfonts/cm/cmr5.pfb></usr/share/texmf-dist/fonts/type1/public/amsfonts/cm/cmr7.pfb></usr/share/texmf-dist/fonts/type1/public/amsfonts/cm/cmsy10.pfb></usr/share/texmf-dist/fonts/type1/public/amsfonts/cm/cmsy7.pfb></usr/share/texmf-dist/fonts/type1/public/amsfonts/symbols/msam10.pfb></usr/share/texmf-dist/fonts/type1/public/amsfonts/symbols/msbm10.pfb>
Output written on resume.pdf (9 pages, 283821 bytes).
PDF statistics:
 570 PDF objects out of 1000 (max. 8388607)
 233 compressed objects within 3 object streams
 47 named destinations out of 1000 (max. 500000)
 138 words of extra memory for PDF output out of 10000 (max. 10000000)

